<?xml version="1.0" encoding="UTF-8"?>
<!-- Generated by org.testng.reporters.JUnitReportReporter -->
<testsuite skipped="0" hostname="IMCHLT093" name="generic.utils.openReport" tests="1" failures="0" timestamp="07 Jul 2020 09:53:10 GMT" time="0.547" errors="0">
  <testcase name="report" time="0.547" classname="generic.utils.openReport"/>
</testsuite> <!-- generic.utils.openReport -->
